{
  "stats": {
    "suites": 1,
    "tests": 1,
    "passes": 1,
    "pending": 0,
    "failures": 0,
    "start": "2021-05-27T18:30:53.865Z",
    "end": "2021-05-27T18:31:03.636Z",
    "duration": 9771,
    "testsRegistered": 1,
    "passPercent": 100,
    "pendingPercent": 0,
    "other": 0,
    "hasOther": false,
    "skipped": 0,
    "hasSkipped": false
  },
  "results": [
    {
      "uuid": "9cc6be3a-ef6b-4f2b-bd72-875b270d4fbb",
      "title": "",
      "fullFile": "cypress/integration/articles.spec.js",
      "file": "cypress/integration/articles.spec.js",
      "beforeHooks": [],
      "afterHooks": [],
      "tests": [],
      "suites": [
        {
          "uuid": "44e879e2-7b2a-4100-842a-ab7b9958be04",
          "title": "Artigos",
          "fullFile": "",
          "file": "",
          "beforeHooks": [],
          "afterHooks": [],
          "tests": [
            {
              "title": "Criar um novo artigo",
              "fullTitle": "Artigos Criar um novo artigo",
              "timedOut": null,
              "duration": 9544,
              "state": "passed",
              "speed": "slow",
              "pass": true,
              "fail": false,
              "pending": false,
              "context": null,
              "code": "cy.login();\ncy.get('a[href$=editor]').click(); //cy.get('input[placeholder=\"Article title\"]').clear();\ncy.get('input[placeholder=\"Article title\"]').type('Teste 1'); //cy.get('input[placeholder=\"What is this article about?\"]').clear();\ncy.get('input[placeholder=\"What is this article about?\"]').type('Iniciando teste 1');\ncy.get('form textarea').type('Test iniciado'); //cy.get('input[placeholder=\"Enter tags\"]').clear();\ncy.get('input[placeholder=\"Enter tags\"]').type('Teste 1');\ncy.get('button.btn-primary').contains('Publish article').click(); //\ncy.get('h1').should('contain.text', 'Teste 1');\n/* ==== End Cypress Studio ==== */",
              "err": {},
              "uuid": "470ded5c-57fc-4586-8035-67cafc876d21",
              "parentUUID": "44e879e2-7b2a-4100-842a-ab7b9958be04",
              "isHook": false,
              "skipped": false
            }
          ],
          "suites": [],
          "passes": [
            "470ded5c-57fc-4586-8035-67cafc876d21"
          ],
          "failures": [],
          "pending": [],
          "skipped": [],
          "duration": 9544,
          "root": false,
          "rootEmpty": false,
          "_timeout": 2000
        }
      ],
      "passes": [],
      "failures": [],
      "pending": [],
      "skipped": [],
      "duration": 0,
      "root": true,
      "rootEmpty": true,
      "_timeout": 2000
    }
  ],
  "meta": {
    "mocha": {
      "version": "7.0.1"
    },
    "mochawesome": {
      "options": {
        "quiet": true,
        "reportFilename": "mochawesome",
        "saveHtml": false,
        "saveJson": true,
        "consoleReporter": "spec",
        "useInlineDiffs": false,
        "code": true
      },
      "version": "6.2.2"
    },
    "marge": {
      "options": {
        "id": "default",
        "reportDir": "mochawesome-report",
        "quiet": true,
        "overwrite": false,
        "html": false,
        "json": true
      },
      "version": "5.2.0"
    }
  }
}