{
  "stats": {
    "suites": 1,
    "tests": 1,
    "passes": 1,
    "pending": 1,
    "failures": -1,
    "start": "2021-05-27T19:37:15.327Z",
    "end": "2021-05-27T19:37:24.319Z",
    "duration": 8992,
    "testsRegistered": 2,
    "passPercent": 100,
    "pendingPercent": 50,
    "other": 1,
    "hasOther": true,
    "skipped": 1,
    "hasSkipped": true
  },
  "results": [
    {
      "uuid": "1945b36c-c8f1-4733-b1d0-2227ed4e38e6",
      "title": "",
      "fullFile": "cypress/integration/articles.spec.js",
      "file": "cypress/integration/articles.spec.js",
      "beforeHooks": [],
      "afterHooks": [],
      "tests": [],
      "suites": [
        {
          "uuid": "5b8050b2-6e66-4fd7-9552-838ea6ffc2a1",
          "title": "Artigos",
          "fullFile": "",
          "file": "",
          "beforeHooks": [],
          "afterHooks": [],
          "tests": [
            {
              "title": "Criar um novo artigo",
              "fullTitle": "Artigos Criar um novo artigo",
              "timedOut": null,
              "duration": 0,
              "state": "pending",
              "speed": null,
              "pass": false,
              "fail": false,
              "pending": true,
              "context": null,
              "code": "",
              "err": {},
              "uuid": "377ede2b-787e-476f-8ba5-48f642e83cf3",
              "parentUUID": "5b8050b2-6e66-4fd7-9552-838ea6ffc2a1",
              "isHook": false,
              "skipped": false
            },
            {
              "title": "Criar segundo artigo",
              "fullTitle": "Artigos Criar segundo artigo",
              "timedOut": null,
              "duration": 8784,
              "state": "passed",
              "speed": "slow",
              "pass": true,
              "fail": false,
              "pending": false,
              "context": null,
              "code": "cy.login();\ncy.get('a[href$=editor]').click(); //cy.get('input[placeholder=\"Article title\"]').clear();\ncy.get('input[placeholder=\"Article title\"]').type('Teste 1'); //cy.get('input[placeholder=\"What is this article about?\"]').clear();\ncy.get('input[placeholder=\"What is this article about?\"]').type('Iniciando teste 1');\ncy.get('form textarea').type('Test iniciado'); //cy.get('input[placeholder=\"Enter tags\"]').clear();\ncy.get('input[placeholder=\"Enter tags\"]').type('Teste 1');\ncy.get('button.btn-primary').contains('Publish article').click(); //\ncy.get('h1').should('contain.text', 'Teste 1');\n/* ==== End Cypress Studio ==== */",
              "err": {},
              "uuid": "8d583b57-5f6d-4b29-98a8-9be79cd19b64",
              "parentUUID": "5b8050b2-6e66-4fd7-9552-838ea6ffc2a1",
              "isHook": false,
              "skipped": false
            }
          ],
          "suites": [],
          "passes": [
            "8d583b57-5f6d-4b29-98a8-9be79cd19b64"
          ],
          "failures": [],
          "pending": [
            "377ede2b-787e-476f-8ba5-48f642e83cf3"
          ],
          "skipped": [],
          "duration": 8784,
          "root": false,
          "rootEmpty": false,
          "_timeout": 2000
        }
      ],
      "passes": [],
      "failures": [],
      "pending": [],
      "skipped": [],
      "duration": 0,
      "root": true,
      "rootEmpty": true,
      "_timeout": 2000
    }
  ],
  "meta": {
    "mocha": {
      "version": "7.0.1"
    },
    "mochawesome": {
      "options": {
        "quiet": true,
        "reportFilename": "mochawesome",
        "saveHtml": false,
        "saveJson": true,
        "consoleReporter": "spec",
        "useInlineDiffs": false,
        "code": true
      },
      "version": "6.2.2"
    },
    "marge": {
      "options": {
        "id": "default",
        "reportDir": "mochawesome-report",
        "quiet": true,
        "overwrite": false,
        "html": false,
        "json": true
      },
      "version": "5.2.0"
    }
  }
}