{
  "stats": {
    "suites": 1,
    "tests": 1,
    "passes": 1,
    "pending": 0,
    "failures": 0,
    "start": "2021-05-27T18:31:08.210Z",
    "end": "2021-05-27T18:31:13.821Z",
    "duration": 5611,
    "testsRegistered": 1,
    "passPercent": 100,
    "pendingPercent": 0,
    "other": 0,
    "hasOther": false,
    "skipped": 0,
    "hasSkipped": false
  },
  "results": [
    {
      "uuid": "2a3a5445-c369-4d60-8ccb-463019db7d49",
      "title": "",
      "fullFile": "cypress/integration/Sign_in.spec.js",
      "file": "cypress/integration/Sign_in.spec.js",
      "beforeHooks": [],
      "afterHooks": [],
      "tests": [],
      "suites": [
        {
          "uuid": "29e5703d-4d3d-454b-abb1-cf9a02bb6761",
          "title": "Autenticação",
          "fullFile": "",
          "file": "",
          "beforeHooks": [],
          "afterHooks": [],
          "tests": [
            {
              "title": "Efetuar login com usuários e senhas válidos",
              "fullTitle": "Autenticação Efetuar login com usuários e senhas válidos",
              "timedOut": null,
              "duration": 5400,
              "state": "passed",
              "speed": "slow",
              "pass": true,
              "fail": false,
              "pending": false,
              "context": null,
              "code": "// acessar o site\ncy.visit('/'); //clicar no botão sign in\ncy.get('.nav-link').contains('Sign in').click(); //Outro método de efetuar o click    \n//cy.get('[href*=login]').click()\n//    .click()\n//instanciar usuário e senha >> Thanos7\nconst user = Cypress.env('user').email;\nconst pass = Cypress.env('user').password; //informar usuário e senha\ncy.get('input[type=email]').type(user);\ncy.get('input[type=password]').type(pass); //clicar no botão entrar\ncy.get('button.btn-primary').click(); //verificar se vc foi autenticado\ncy.get('.nav-pills a.nav-link').should('have.length', 2); // deve conter o tamanho = 2    \ncy.get('.nav-pills a.nav-link') // 2 elementos\n// posição - ep, first, last\n.first() // .eq(0)\n.should('contain.text', 'Your Feed'); // deve conter o texto Your Feed\n// should contain text Your Feed",
              "err": {},
              "uuid": "4dde17be-417c-4b84-827e-858aba307351",
              "parentUUID": "29e5703d-4d3d-454b-abb1-cf9a02bb6761",
              "isHook": false,
              "skipped": false
            }
          ],
          "suites": [],
          "passes": [
            "4dde17be-417c-4b84-827e-858aba307351"
          ],
          "failures": [],
          "pending": [],
          "skipped": [],
          "duration": 5400,
          "root": false,
          "rootEmpty": false,
          "_timeout": 2000
        }
      ],
      "passes": [],
      "failures": [],
      "pending": [],
      "skipped": [],
      "duration": 0,
      "root": true,
      "rootEmpty": true,
      "_timeout": 2000
    }
  ],
  "meta": {
    "mocha": {
      "version": "7.0.1"
    },
    "mochawesome": {
      "options": {
        "quiet": true,
        "reportFilename": "mochawesome",
        "saveHtml": false,
        "saveJson": true,
        "consoleReporter": "spec",
        "useInlineDiffs": false,
        "code": true
      },
      "version": "6.2.2"
    },
    "marge": {
      "options": {
        "id": "default",
        "reportDir": "mochawesome-report",
        "quiet": true,
        "overwrite": false,
        "html": false,
        "json": true
      },
      "version": "5.2.0"
    }
  }
}